https://www.premierleague.com/video/fixture/2129
https://www.premierleague.com/resources/ver/i18n/i18n-en.js
https://www.premierleague.com/resources/ver/styles/badge-abbreviations.css
https://www.premierleague.com/resources/ver/styles/screen.css
https://www.googletagservices.com/tag/js/gpt.js
https://fonts.googleapis.com/css?family=Poppins:400,700
https://cdn.polyfill.io/v2/polyfill.min.js
https://www.premierleague.com/resources/ver/bower/fastclick/lib/fastclick.js
https://www.premierleague.com/resources/ver/bower/mustache.js/mustache.min.js
https://www.premierleague.com/resources/ver/bower/moment/min/moment-with-locales.min.js
https://www.premierleague.com/resources/ver/bower/moment-timezone/moment-timezone.js
https://www.premierleague.com/resources/ver/bower/object-fit-images/dist/ofi.browser.js
https://www.premierleague.com/resources/ver/bower/intersection-observer/polyfill/intersection-observer.js
https://www.premierleague.com/resources/ver/i/elements/premier-league-logo-header.svg
https://www.premierleague.com/resources/ver/i/elements/premier-league-logo-header-mob.svg
http://cdn.pulselive.com/test/client/pl/test/i/elements/premier-league-logo-header-full.png
https://premierleague-static-files.s3.amazonaws.com/premierleague/photo/2017/06/22/2166cd63-1051-4f6a-a942-414208859f37/1997-05-03T000000Z_1_MT1ACI147368_RTRMADP_3_SOCCER-ENGLAND-EVE.JPG
https://www.premierleague.com/resources/ver/bower/pulse-js/dist/pulse.min.js
https://www.premierleague.com/resources/ver/scripts/main.min.js
https://www.premierleague.com/resources/ver/widgets/common.min.js
https://www.googletagmanager.com/gtm.js?id=GTM-MS75QT
https://adservice.google.com/adsid/integrator.js?domain=www.premierleague.com
https://securepubads.g.doubleclick.net/gpt/pubads_impl_194.js
https://www.premierleague.com/resources/ver/i/sprites/global-sprite.png
https://www.premierleague.com/resources/ver/i/sprites/badges-50-sprite.png
https://www.premierleague.com/resources/ver/i/sprites/badges-25-sprite.png
https://www.premierleague.com/resources/ver/fonts/PremierLeagueW01-Regular.woff2
https://www.premierleague.com/resources/ver/fonts/PremierLeagueW01-Bold.woff2
https://www.premierleague.com/resources/ver/fonts/PremierLeagueW01-LightIt.woff2
https://www.premierleague.com/resources/ver/i/bg-elements/footer-right.svg
https://www.premierleague.com/resources/ver/i/bg-elements/page-hero-primary.png
https://track.adform.net/serving/scripts/trackpoint/
https://www.google-analytics.com/analytics.js
https://www.google-analytics.com/collect?v=1&_v=j66&a=2103390802&t=pageview&_s=1&dl=https%3A%2F%2Fwww.premierleague.com%2Fvideo%2Ffixture%2F2129&ul=en-us&de=UTF-8&dt=Sunderland%20v%20Everton%20Videos%201996%2F97%20%7C%20Premier%20League&sd=24-bit&sr=2560x1440&vp=1238x1330&je=0&_u=QCCAgAAB~&jid=&gjid=&cid=1206838674.1523911279&tid=UA-33785302-1&_gid=1442048216.1523911279&gtm=G46MS75QT&z=368371337
https://securepubads.g.doubleclick.net/gampad/ads?gdfp_req=1&correlator=3822428228341359&output=json_html&callback=googletag.impl.pubads.callbackProxy1&impl=fifs&adsid=NT&jar=2018-4-16-22&json_a=1&eid=21061213%2C22316438%2C21061646%2C21061149&sc=1&sfv=1-0-23&iu_parts=131332370%2CGeneralTakeover&enc_prev_ius=%2F0%2F1&prev_iu_szs=1600x900%7C970x250%7C728x90&cookie=ID%3D1e44bc911adfe241%3AT%3D1523911278%3AS%3DALNI_MYMnyT9yHzwMqyZMVnZ42hyYvcOOA&abxe=1&lmt=1523918948&dt=1523918948185&frm=20&biw=1238&bih=1330&oid=2&adxs=0&adys=0&adks=1160857628&gut=v2&ifi=1&u_tz=-420&u_his=2&u_h=1440&u_w=2560&u_ah=1416&u_aw=2495&u_cd=24&u_nplug=4&u_nmime=5&u_sd=1&flash=0&url=https%3A%2F%2Fwww.premierleague.com%2Fvideo%2Ffixture%2F2129&dssz=22&icsg=956297791&std=0&vrg=194&vis=1&dmc=8&scr_x=0&scr_y=0&ga_vid=1206838674.1523911279&ga_sid=1523918948&ga_hid=2103390802
https://securepubads.g.doubleclick.net/gpt/pubads_impl_rendering_194.js
https://tpc.googlesyndication.com/safeframe/1-0-23/html/container.html
https://track.adform.net/Serving/TrackPoint/?pm=998269&ADFPageName=Master%20Tag&ADFdivider=%7C&ord=83598144743&Set1=en-US%7Cen-US%7C2560x1440%7C24&ADFtpmode=3&loc=https%3A%2F%2Fwww.premierleague.com%2Fvideo%2Ffixture%2F2129
https://track.adform.net/Serving/TrackPoint/?pm=998269&ADFPageName=testpl.pulselive.com&ADFdivider=%7C&ord=987876761741&Set1=en-US%7Cen-US%7C2560x1440%7C24&ADFtpmode=2&itm=eyJ2YXIxIjoicHJlbWllcmxlYWd1ZS5jb20vdmlkZW8vZml4dHVyZS8yMTI5In0&loc=https%3A%2F%2Fwww.premierleague.com%2Fvideo%2Ffixture%2F2129
https://www.premierleague.com/resources/ver/widgets/pl_global-header.min.js
https://www.premierleague.com/resources/ver/widgets/pl_social-share.min.js
https://www.premierleague.com/resources/ver/widgets/pl_editorial-lists.min.js
https://www.premierleague.com/resources/ver/widgets/pl_video-player.min.js
https://www.premierleague.com/resources/ver/widgets/pl_footer.min.js
https://players.brightcove.net/2508689025001/41lxByjWql_default/index.min.js?plVideoModal
https://vjs.zencdn.net/vttjs/0.12.5/vtt.global.min.js
https://metrics.brightcove.com/v2/tracker?domain=videocloud&platform=video-js&session=13d969a5e538319ebe973621&account=2508689025001&destination=https%3A%2F%2Fwww.premierleague.com%2Fvideo%2Ffixture%2F2129&platform_version=5.28.1&player=players.brightcove.com%2F2508689025001%2F41lxByjWql_default&player_name=Premier%20League%20Player&source=&event=player_init&time=1523918949294
https://metrics.brightcove.com/v2/tracker?domain=videocloud&platform=video-js&session=13d969a5e538319ebe973621&account=2508689025001&destination=https%3A%2F%2Fwww.premierleague.com%2Fvideo%2Ffixture%2F2129&platform_version=5.28.1&player=players.brightcove.com%2F2508689025001%2F41lxByjWql_default&player_name=Premier%20League%20Player&source=&usage=inpage-embed&event=player_load&time=1523918949348&qos.performance.memory.jsHeapSizeLimit=2190000000&qos.performance.memory.usedJSHeapSize=10000000&qos.performance.memory.totalJSHeapSize=10000000&qos.performance.navigation.redirectCount=0&qos.performance.navigation.type=0&qos.performance.navigation.directedMigration=false&qos.performance.timing.loadEventEnd=1523918948700&qos.performance.timing.loadEventStart=1523918948677&qos.performance.timing.domComplete=1523918948677&qos.performance.timing.domContentLoadedEventEnd=1523918947976&qos.performance.timing.domContentLoadedEventStart=1523918947971&qos.performance.timing.domInteractive=1523918947970&qos.performance.timing.domLoading=1523918947254&qos.performance.timing.responseEnd=1523918947252&qos.performance.timing.responseStart=1523918947248&qos.performance.timing.requestStart=1523918946707&qos.performance.timing.secureConnectionStart=0&qos.performance.timing.connectEnd=1523918946690&qos.performance.timing.connectStart=1523918946690&qos.performance.timing.domainLookupEnd=1523918946690&qos.performance.timing.domainLookupStart=1523918946690&qos.performance.timing.fetchStart=1523918946690&qos.performance.timing.redirectEnd=0&qos.performance.timing.redirectStart=0&qos.performance.timing.unloadEventEnd=0&qos.performance.timing.unloadEventStart=0&qos.performance.timing.navigationStart=1523918946689&qos.performance.bcInit=144.9000001884997&qos.player.dimensions=%5B%5B1523918949347%2C%220x0%22%2C%22100x0%22%5D%5D&qos.player.pixelratio=%5B%5B1523918949347%2C1%5D%5D&qos.player.screendimensions=%5B%5B1523918949347%2C%222560x1440%22%5D%5D
