https://www.cnn.com/interactive/2018/04/politics/mark-zuckerberg-congress-cnnphotos/
https://z.cdn.turner.com/cnn/.e/js/libs/jquery-1.9.1.min.js
https://cdn.cnn.com/cnn/interactive/2018/04/politics/mark-zuckerberg-congress-cnnphotos/css/photo-essay.css
https://i.cdn.turner.com/analytics/cnn/ais.js
https://i.cdn.turner.com/ads/cnn/adfuel.js
https://i.cdn.turner.com/ads/cnn/cnn_interactive_main.js
https://z.cdn.turner.com/cnn/.element/ssi/www/misc/4.0/static/js/static-chrome-companion.min.js?v23
https://cdn.cnn.com/cnn/interactive/2018/04/politics/mark-zuckerberg-congress-cnnphotos/media/01.jpg
https://widgets.outbrain.com/outbrain.js
https://z.cdn.turner.com/analytics/cnnexpan/jsmd.min.js
https://cdn.cnn.com/cnn/interactive/2018/04/politics/mark-zuckerberg-congress-cnnphotos/js/photo-essay-all.js
https://cdn.krxd.net/controltag?confid=ITb_4eqO
https://www.googletagservices.com/tag/js/gpt.js
https://connect.facebook.net/en_US/all.js
https://cdn.krxd.net/ctjs/controltag.js.dc955599a3976b2e658d60927793d9ea
https://cdn.cnn.com/cnn/.element/ssi/www/misc/4.0/static/css/static-init.css?v1.4
https://i.cdn.turner.com/cnn/.e/img/4.0/interactive/sharebar/email.png
https://i.cdn.turner.com/cnn/.e/img/4.0/interactive/sharebar/facebook.png
https://i.cdn.turner.com/cnn/.e/img/4.0/interactive/sharebar/twitter.png
https://adservice.google.com/adsid/integrator.js?domain=www.cnn.com
https://securepubads.g.doubleclick.net/gpt/pubads_impl_195.js
https://odb.outbrain.com/utils/get?url=https%3A%2F%2Fwww.cnn.com%2Finteractive%2F2018%2F04%2Fpolitics%2Fmark-zuckerberg-congress-cnnphotos%2F&settings=true&recs=true&widgetJSId=AR_9&key=NANOWDGT01&idx=0&version=01002602&ref=&apv=false&sig=o0zaADGI&format=html&rand=33755&lsd=613c44d6-73d1-4d40-9b2a-a9ac58f09ef2&winW=952&winH=875&adblck=false&secured=true
https://www.facebook.com/impression.php/f10f6139d17ff54/?lid=115&payload=%7B%22source%22%3A%22jssdk%22%7D
https://cdn.krxd.net/partnerjs/xdi/proxy.3d2100fd7107262ecb55ce6847f01fa5.html
https://secure-us.imrworldwide.com/cgi-bin/m?ci=us-204044h&cg=0&cc=1&si=https%3A//www.cnn.com/interactive/2018/04/politics/mark-zuckerberg-congress-cnnphotos/&rp=&ts=compact&rnd=1524030951294
https://smetrics.cnn.com/b/ss/cnn-adbp-domestic/1/H.26.1/s32665319932247?AQB=1&ndh=1&t=17%2F3%2F2018%2022%3A55%3A51%202%20420&fid=4DC8306EEFA99AD0-31EA7EB7E23C1EAB&ce=UTF-8&ns=cnn&pageName=cnn%3Ait%3A%2Finteractive%2F2018%2F04%2Fpolitics%2Fmark-zuckerberg-congress-cnnphotos%2F&g=https%3A%2F%2Fwww.cnn.com%2Finteractive%2F2018%2F04%2Fpolitics%2Fmark-zuckerberg-congress-cnnphotos%2F&cc=USD&ch=interactive&server=cnn.com&events=event9%2Cevent26%2Cevent39&c5=nvs&v5=D%3Dc5&c8=repeat%3A28&v8=D%3Dc8&c13=article&v13=D%3Dc13&v15=7275&c23=in%20pictures%3A%20zuckerberg%20on%20capitol%20hill&v23=D%3Dc23&c26=www.cnn.com%2Finteractive%2F2018%2F04%2Fpolitics%2Fmark-zuckerberg-congress-cnnphotos%2F&v26=D%3DpageName&v27=D%3Dch&c28=watch%20cnn%3Arelated%20coverage&v28=D%3Dc28&v29=cnn.com&c30=cnn%20domestic&v30=D%3Dc30&c32=adbp%3Ainteractive&v32=D%3Dc32&c34=requires%20authentication&v34=D%3Dc34&c35=cnn.24.1-0-0.20180329%3A0&v35=D%3Dc35&v36=L2CNuFVw&c37=desktop&v37=D%3Dc37&c46=15240309515756259747906472&v46=D%3Dc46&c47=5aa75ba00ec41e0a3c9bc613dc045c9e&v47=D%3Dc47&c55=mozilla%2F5.0%20%28x11%3B%20linux%20x86_64%29%20applewebkit%2F537.36%20%28khtml%2C%20like%20gecko%29%20chrome%2F65.0.3325.181%20safari%2F537.36&v55=D%3Dc55&c56=landscape&v56=D%3Dc56&c57=no%20mvpd%20set&v57=D%3Dc57&c59=no%20mvpd%20set&v59=D%3Dc59&c64=cnn%20news&v64=D%3Dc64&c65=nvs&c73=2d53add085031e2e-4000118f6000783f&v73=D%3Dc73&c75=no%20value%20set&v75=D%3Dc75&h1=news%7Ccnn%7Ccnn%20domestic%7Ccnn.com%7Cinteractive%7Cwatch%20cnn%3Arelated%20coverage&l1=D%3Dc65&s=952x966&c=24&j=1.6&v=N&k=Y&bw=952&bh=875&p=Chrome%20PDF%20Plugin%3BChrome%20PDF%20Viewer%3BNative%20Client%3BWidevine%20Content%20Decryption%20Module%3B&AQE=1
https://a.visualrevenue.com/vrs.js
https://a248.e.akamai.net/chartbeat.download.akamai.com/102508/js/chartbeat.js
https://platform.twitter.com/widgets.js
https://staticxx.facebook.com/connect/xd_arbiter/r/FdM1l_dpErI.js?version=42
https://www.cnn.com/data/ocs/section/index.html:*/views/pages/common/static-chrome.html
https://widgets.outbrain.com/images/widgetIcons/ob_logo_67x12.png
https://rva.outbrain.com/analytics-v1.js
https://cdn.krxd.net/controltag/ITb_4eqO.js
https://sb.scorecardresearch.com/r?c2=6035748&d.c=gif&d.o=cnn-adbp-domestic&d.x=38661762&d.t=page&d.u=https%3A%2F%2Fwww.cnn.com%2Finteractive%2F2018%2F04%2Fpolitics%2Fmark-zuckerberg-congress-cnnphotos%2F
https://revee.outbrain.com/page/view
https://www.i.cdn.cnn.com/.a/2.76.2/js/ocs-notify.min.js
https://ping.chartbeat.net/ping?h=cnn.com&p=%2Finteractive%2F2018%2F04%2Fpolitics%2Fmark-zuckerberg-congress-cnnphotos%2F&u=CdG-78fd50HBxoULb&d=cnn.com&g=37612&g0=politics&g1=CNN%20Interactives&n=0&f=f0001&c=0&x=0&m=0&y=4248&o=937&w=875&j=45&R=1&W=0&I=0&E=0&e=0&r=&b=1659&t=DJ4fk2BJuEWyB_cBwfDsuUdtUmepr&V=103&z=t%3DBxUpyMG78AFDpk4SRC9tGeqDqbS9o%26E%3D0%26x%3D0%26c%3D0.75%26y%3D6027%26w%3D875&i=In%20pictures%3A%20Zuckerberg%20on%20Capitol%20Hill%20-%20CNN.com&tz=420&sn=1&sv=BLSpKyCei518CTEw0WBZUEfJBK4-3T&sd=28&im=067b0ff3&_
https://widgets.outbrain.com/nanoWidget/externals/obFrame/obFrame.htm
https://cdn.krxd.net/ctjs/controltag.js.dc955599a3976b2e658d60927793d9ea
https://platform.twitter.com/widgets/widget_iframe.73a792b0fbc7ab73a8e3b3db9c36a8ac.html?origin=https%3A%2F%2Fwww.cnn.com
https://log.outbrain.com/loggerServices/widgetGlobalEvent?eT=0&tm=772&pid=185&sid=185984&wId=150&wRV=01002602&rId=57ed62436f45ed697dbdba68033216db&idx=0&pvId=57ed62436f45ed697dbdba68033216db&org=5&pad=6&pVis=1&eIdx=&ab=0&wl=0
https://www.i.cdn.cnn.com/.a/2.76.2/js/cnn-header-minimal.min.js
https://sb.scorecardresearch.com/beacon.js
https://syndication.twitter.com/settings
https://sb.scorecardresearch.com/b?c1=7&c2=14320224&c3=185&ns__t=1524030951869&ns_c=windows-1252&ns_if=1&cv=3.1&c8=&c7=https%3A%2F%2Fwidgets.outbrain.com%2FnanoWidget%2Fexternals%2FobFrame%2FobFrame.htm%23pid%3D185%26dmpenabled%3Dtrue%26filterDMP%3DOEN%26csenabled%3Dtrue%26d%3DYZxTPtFXIjbwJBryMT_gKrtR14MrSqUcyZhBz30Qg9AYNQx1_TmzO-43jAe05-Jx&c9=https%3A%2F%2Fwww.cnn.com%2Finteractive%2F2018%2F04%2Fpolitics%2Fmark-zuckerberg-congress-cnnphotos%2F
https://www.i.cdn.cnn.com/.a/2.76.2/js/cnn-static-chrome.min.js
https://syndication.twitter.com/i/jot
https://platform.twitter.com/jot.html
https://www.cnn.com/data/ocs/section/politics/index.html:*/views/pages/common/static-header.html
https://www.cnn.com/data/ocs/section/politics/index.html:*/views/pages/common/static-footer.html
https://www.i.cdn.cnn.com/.a/2.76.2/js/ocs-notify.min.js
https://www.i.cdn.cnn.com/.a/2.76.2/js/ocs-notify.min.js
https://www.cnn.com/css/2.76.2/pages/static-header.css
https://www.cnn.com/css/2.76.2/pages/static-edition-picker.css
https://www.i.cdn.cnn.com/.a/2.76.2/js/cnn-static-bundle.min.js
https://revee.outbrain.com/page/view
https://www.i.cdn.cnn.com/.a/2.76.2/js/cnn-static-footer-bundle.min.js
https://www.cnn.com/css/2.76.2/pages/static-footer.css
https://www.i.cdn.cnn.com/.a/fonts/cnn/3.5.0/cnnsans-regular.woff2
https://www.cnn.com/.a/2.76.2/assets/sprite-chrome.png
https://www.i.cdn.cnn.com/.a/2.76.2/assets/logo_politics.svg
https://www.i.cdn.cnn.com/.a/2.76.2/assets/logo_cnn.svg
https://www.i.cdn.cnn.com/.a/fonts/cnn/3.5.0/cnnsans-thin.woff2
https://www.i.cdn.cnn.com/.a/fonts/cnn/3.5.0/cnnsans-bold.woff2
https://www.i.cdn.cnn.com/.a/fonts/cnn/3.5.0/cnnsans-thinit.woff2
https://www.i.cdn.cnn.com/.a/fonts/cnn/3.5.0/cnnsans-light.woff2
https://www.i.cdn.cnn.com/.a/fonts/icons/2.3.3/cnn-icons.woff
https://www.i.cdn.cnn.com/.a/fonts/cnn/3.5.0/cnnsans-condensedmedium.woff2
https://www.i.cdn.cnn.com/.a/fonts/cnn/3.5.0/cnnsans-italic.woff2
https://www.i.cdn.cnn.com/.a/fonts/cnn/3.5.0/cnnsans-condensed.woff2
https://www.i.cdn.cnn.com/.a/fonts/cnn/3.5.0/cnnsans-condensedbold.woff2
https://data.cnn.com/jsonp/breaking_news/domestic.json?callback=CNNBreakingNewsCallback
https://beacon.krxd.net/optout_check?callback=Krux.ns._default.kxjsonp_optOutCheck
https://cdn.krxd.net/userdata/get?pub=e9eaedd3-c1da-4334-82f0-d7e3ff883c87&callback=Krux.ns._default.kxjsonp_userdata
https://connect.facebook.net/en_US/fbevents.js
https://googleads.g.doubleclick.net/pagead/viewthroughconversion/986255830/?value=0&guid=ON&script=0
https://t.co/i/adsct?txn_id=l4umf&p_id=Twitter
https://analytics.twitter.com/i/adsct?txn_id=l4umf&p_id=Twitter
https://googleads.g.doubleclick.net/pagead/viewthroughconversion/925133270/?value=1.00&currency_code=USD&label=IEQNCNXH9GcQ1tORuQM&guid=ON&script=0
https://www.cnn.com/favicon.ico
https://beacon.krxd.net/pixel.gif?source=smarttag&fired=report&confid=ITb_4eqO&_kpid=e9eaedd3-c1da-4334-82f0-d7e3ff883c87&_kcp_s=CNN&_kcp_d=www.cnn.com&_knifr=8&_kua_kx_tz=420&geo_country=us&geo_region=ca&geo_dma=803&_kua_kx_lang=en-us&_kua_kx_tech_browser_language=en-us&_kua_kx_geo_country=us&_kua_kx_geo_region=ca&_kua_kx_geo_dma=803&_kua_kx_tech_browser=Chrome%2058&_kua_kx_tech_manufacturer=Other&_kua_kx_tech_device=Computer&_kua_kx_tech_os=Linux&_kua_user_agent=Mozilla%2F5.0%20(X11%3B%20Linux%20x86_64)%20AppleWebKit%2F537.36%20(KHTML%2C%20like%20Gecko)%20Chrome%2F65.0.3325.181%20Safari%2F537.36&_kua_kx_whistle=0&_kua_turner_guid=5aa75ba00ec41e0a3c9bc613dc045c9e&_kua_aa_id=2D53ADD085031E2E-4000118F6000783F&_kua_af_id=4DC8306EEFA99AD0-31EA7EB7E23C1EAB&_kpa_domain=cnn.com&_kpa_cnn.com_url_path_1=interactive&_kpa_cnn.com_url_path_2=2018&_kpa_cnn.com_url_path_3=04&t_navigation_type=0&t_dns=0&t_tcp=0&t_http_request=-1&t_http_response=16&t_content_ready=1282&t_window_load=2679&t_redirect=0&interchange_ran=true&store_user=sq0wfxe5u&store_segs=psnpy175l%2Cp4tzqqzqp%2Cqsdavwboe%2Cqyf2omd97%2Cqy8rjrsrc%2Crliu9j831&userdata_was_requested=true&userdata_did_respond=true&store_user_after=sq0wfxe5u&store_segs_after=psnpy175l%2Cp4tzqqzqp%2Cqsdavwboe%2Cqyf2omd97%2Cqy8rjrsrc%2Crliu9j831&userdata_user=L2CNuFVw%2Csq0wfxe5u&userdata_segs=qyf2omd97%2Cp4tzqqzqp%2Cpsnpy175l%2Cqy8rjrsrc%2Crliu9j831%2Cqsdavwboe&sview=1&kplt1=23547&kplt3=23412&kplt4=23428&kplt5=23438&kplt6=23445&kplt7=23464&kplt8=23474&kplt9=23477&kplt16=23645&kplt19=26604&kplt20=32631&kplt21=32696&kplt22=33127&kplt23=33132&jsonp_requests=https%3A%2F%2Fbeacon.krxd.net%2Foptout_check%2C70%2Chttps%3A%2F%2Fcdn.krxd.net%2Fuserdata%2Fget%2C64
https://connect.facebook.net/signals/config/731697573629176?v=2.8.12&r=stable
https://www.google.com/ads/user-lists/986255830/?value=0&guid=ON&script=0&cdct=2&is_vtc=1&random=3446481819
https://www.facebook.com/tr/?id=731697573629176&ev=PageView&dl=https%3A%2F%2Fwww.cnn.com%2Finteractive%2F2018%2F04%2Fpolitics%2Fmark-zuckerberg-congress-cnnphotos%2F&rl=&if=false&ts=1524030952887&sw=952&sh=966&v=2.8.12&r=stable&ec=0&o=28&it=1524030952826
https://www.google.com/ads/user-lists/925133270/?value=1.00&currency_code=USD&label=IEQNCNXH9GcQ1tORuQM&guid=ON&script=0&cdct=2&is_vtc=1&random=3028294529
https://www.facebook.com/tr/?id=731697573629176&ev=Microdata&dl=https%3A%2F%2Fwww.cnn.com%2Finteractive%2F2018%2F04%2Fpolitics%2Fmark-zuckerberg-congress-cnnphotos%2F&rl=&if=false&ts=1524030953397&cd[Schema.org]=%5B%5D&cd[OpenGraph]=%7B%22og%3Adescription%22%3A%22See%20photos%20from%20Washington%20as%20Facebook%20CEO%20Mark%20Zuckerberg%20testifies%20to%20Congress%20about%20the%20data%20scandal%20engulfing%20the%20social%20network.%22%2C%22og%3Aimage%22%3A%22https%3A%2F%2Fcdn.cnn.com%2Fcnn%2Finteractive%2F2018%2F04%2Fpolitics%2Fmark-zuckerberg-congress-cnnphotos%2Fmedia%2F01.jpg%22%2C%22og%3Atype%22%3A%22Article%22%2C%22og%3Atitle%22%3A%22In%20pictures%3A%20Zuckerberg%20on%20Capitol%20Hill%22%2C%22og%3Aurl%22%3A%22https%3A%2F%2Fwww.cnn.com%2Finteractive%2F2018%2F04%2Fpolitics%2Fmark-zuckerberg-congress-cnnphotos%2F%22%7D&cd[Meta]=%7B%22title%22%3A%22In%20pictures%3A%20Zuckerberg%20on%20Capitol%20Hill%20-%20CNN.com%22%2C%22meta%3Adescription%22%3A%22See%20photos%20from%20Washington%20as%20Facebook%20CEO%20Mark%20Zuckerberg%20testifies%20to%20Congress%20about%20the%20data%20scandal%20engulfing%20the%20social%20network.%22%2C%22meta%3Akeywords%22%3A%22%22%7D&cd[DataLayer]=%5B%5D&sw=952&sh=966&v=2.8.12&r=stable&ec=1&o=28&it=1524030952826
https://cdn.cnn.com/cnn/interactive/2018/04/politics/mark-zuckerberg-congress-cnnphotos/media/15.jpg
https://cdn.cnn.com/cnn/interactive/2018/04/politics/mark-zuckerberg-congress-cnnphotos/media/16.jpg
https://cdn.cnn.com/cnn/interactive/2018/04/politics/mark-zuckerberg-congress-cnnphotos/media/17.jpg
https://cdn.cnn.com/cnn/interactive/2018/04/politics/mark-zuckerberg-congress-cnnphotos/media/18.jpg
https://cdn.cnn.com/cnn/interactive/2018/04/politics/mark-zuckerberg-congress-cnnphotos/media/19.jpg
https://cdn.cnn.com/cnn/interactive/2018/04/politics/mark-zuckerberg-congress-cnnphotos/media/22.jpg
https://cdn.cnn.com/cnn/interactive/2018/04/politics/mark-zuckerberg-congress-cnnphotos/media/23.jpg
https://cdn.cnn.com/cnn/interactive/2018/04/politics/mark-zuckerberg-congress-cnnphotos/media/20.jpg
https://cdn.cnn.com/cnn/interactive/2018/04/politics/mark-zuckerberg-congress-cnnphotos/media/21.jpg
https://cdn.cnn.com/cnn/interactive/2018/04/politics/mark-zuckerberg-congress-cnnphotos/media/02.jpg
https://cdn.cnn.com/cnn/interactive/2018/04/politics/mark-zuckerberg-congress-cnnphotos/media/03.jpg
https://cdn.cnn.com/cnn/interactive/2018/04/politics/mark-zuckerberg-congress-cnnphotos/media/10.jpg
https://cdn.cnn.com/cnn/interactive/2018/04/politics/mark-zuckerberg-congress-cnnphotos/media/04.jpg
https://ping.chartbeat.net/ping?h=cnn.com&p=%2Finteractive%2F2018%2F04%2Fpolitics%2Fmark-zuckerberg-congress-cnnphotos%2F&u=CdG-78fd50HBxoULb&d=cnn.com&g=37612&g0=politics&g1=CNN%20Interactives&n=0&f=f0001&c=0.5&x=5830&m=6201&y=12708&o=937&w=875&j=60&R=0&W=0&I=1&E=0&e=0&r=&b=1659&t=DJ4fk2BJuEWyB_cBwfDsuUdtUmepr&V=103&tz=420&sn=2&sv=BLSpKyCei518CTEw0WBZUEfJBK4-3T&sd=28&im=067b0ff3&_
