http://www.cnn.com/2003/WORLD/meast/05/01/sprj.irq.main/
http://i.cnn.net/cnn/.element/ssi/js/1.0/main.js
http://i.cnn.net/cnn/.element/ssi/css/1.0/main.css
http://i.cdn.turner.com/cnn/.element/js/2.0/frame.js
http://i.cdn.turner.com/cnn/.element/js/2.0/ad_head0.js
http://i.cdn.turner.com/cnn/cnn_adspaces/cnn_adspaces.js
http://i.cnn.net/cnn/images/1.gif
http://i.a.cnn.net/cnn/.element/img/1.0/logo/cnn.gif
http://i.a.cnn.net/cnn/.element/img/1.0/story/header.world.gif
http://i.a.cnn.net/cnn/.element/img/1.0/misc/CC0000.px.gif
http://i.a.cnn.net/cnn/images/1.gif
http://i.a.cnn.net/cnn/.element/img/1.1/searchbar/search.right.gif
http://i.a.cnn.net/cnn/.element/img/1.1/searchbar/search.gif
http://i.cnn.net/cnn/.element/img/1.1/searchbar/yahoo.logo.gif
http://i.a.cnn.net/cnn/.element/img/1.1/searchbar/search.bottom.gif
http://i.a.cnn.net/cnn/.element/img/1.0/main/nav_at_money.gif
http://i.a.cnn.net/cnn/.element/img/1.0/main/nav_at_si.gif
http://i.cnn.net/cnn/.element/img/1.1/sect/SEARCH/yahoo_nav.gif
http://i.a.cnn.net/cnn/.element/ssi/story/1.0/banner/sprj.irq.inc/war.jpg
http://i.cnn.net/cnn/2003/WORLD/meast/05/01/sprj.irq.main/story.podium.ap.jpg
http://i.a.cnn.net/cnn/.element/ssi/js/1.1/clickability/button2006_1.js
http://i.a.cnn.net/cnn/.element/ssi/js/1.1/clickability/button2006_2.js
http://i.cnn.net/cnn/.element/img/1.0/main/more.video.gif
http://i.cnn.net/cnn/video/politics/2003/05/01/sot.bush.vs.cnn.jpg
http://i.cnn.net/cnn/.element/img/1.0/misc/premium.gif
http://i.cnn.net/cnn/video/us/2003/05/01/president.lands.vs.pool.jpg
http://i.cnn.net/cnn/video/us/2003/05/01/fb.tailhook.land.vs.cnn.jpg
http://i.cnn.net/cnn/video/us/2003/05/01/bc.ft.stewart.mem.vs.cnn.jpg
http://www.cnn.com/interactive/world/0305/slideshow.bush.lincoln/tz03.jpg
http://www.cnn.com/interactive/us/0305/gallery.uss.lincoln/tz.landing.6.jpg
http://i.cnn.net/cnn/2003/images/05/01/tz.tailhook.jpg
http://i.cnn.net/cnn/2003/images/05/01/tz.sailors.jpg
http://i.cnn.net/cnn/2003/images/05/01/tz.s3b.jpg
http://i.cnn.net/cnn/2003/images/05/01/tz.bush.jpg
http://i.cnn.net/cnn/2003/images/05/01/tz.iraq.jpg
http://i.cnn.net/cnn/.element/img/1.0/misc/icon.external.links.gif
http://i.cnn.net/cnn/SPECIALS/2005/iraq.transition/images/banners/include.iraq.power.jpg
http://i.a.cnn.net/cnn/.element/img/1.0/misc/clickability.time.gif
http://i.a.cnn.net/cnn/.element/ssi/js/1.1/clickability/button2006_3.js
http://i.a.cnn.net/cnn/.element/ssi/js/1.1/clickability/button2006_4.js
http://i.a.cnn.net/cnn/images/time/cover_cnn.jpg
http://i.a.cnn.net/cnn/.element/img/1.0/story/relateds.headers/WORLD.gif
http://i.a.cnn.net/cnn/2005/WORLD/meast/06/18/iran.ballot/tz.iran.election.ap.jpg
http://i.a.cnn.net/cnn/.element/img/1.0/story/relateds.headers/MAIN.gif
http://i.cnn.net/cnn/.element/img/1.0/sect/advertisement.gif
http://i.a.cnn.net/cnn/.element/img/1.1/searchbar/yahoo.logo.bottom.gif
http://i.a.cnn.net/cnn/.element/img/1.0/sect/SEARCH/dotted.line.gif
http://i.a.cnn.net/cnn/.element/img/1.0/misc/icon.external.links.gif
http://i.a.cnn.net/cnn/.element/img/1.0/main/icon_premium.gif
http://i.a.cnn.net/cnn/.element/img/1.1/misc/xml_button.gif
http://www.cnn.com/cookie.crumb
http://i.cdn.turner.com/cnn/images/1.gif
http://i.a.cnn.net/cnn/images/clickability/000099/h-s-icon-l.gif
http://i.a.cnn.net/cnn/images/clickability/000099/h-s-text-l.gif
http://i.a.cnn.net/cnn/images/clickability/000099/h-e-icon-l.gif
http://i.a.cnn.net/cnn/images/clickability/000099/h-e-text-l.gif
http://i.a.cnn.net/cnn/images/clickability/000099/h-p-icon-l.gif
http://i.a.cnn.net/cnn/images/clickability/000099/h-p-text-l.gif
http://i.a.cnn.net/cnn/images/clickability/000099/h-mp-icon-l.gif
http://i.a.cnn.net/cnn/images/clickability/000099/h-mp-text-l.gif
http://i.a.cnn.net/cnn/images/clickability/000099/v-s-icon-l.gif
http://i.a.cnn.net/cnn/images/clickability/000099/v-s-text-l.gif
http://i.a.cnn.net/cnn/images/clickability/000099/v-p-icon-l.gif
http://i.a.cnn.net/cnn/images/clickability/000099/v-p-text-l.gif
http://i.a.cnn.net/cnn/images/clickability/000099/v-e-icon-l.gif
http://i.a.cnn.net/cnn/images/clickability/000099/v-e-text-l.gif
http://i.a.cnn.net/cnn/images/clickability/000099/v-mp-icon-l.gif
http://i.a.cnn.net/cnn/images/clickability/000099/v-mp-text-l.gif
http://i.cdn.turner.com/cnn/.element/img/2.0/misc/expired/t1land.image.jpg
http://i.cdn.turner.com/cnn/.element/img/2.0/misc/expired/t1land.image.jpg
http://cnn.dyn.cnn.com/1.gif?1524076202700
http://gdyn.cnn.com/1.1/1.gif?1524076202710
