http://www.cnn.com/2006/WORLD/meast/06/08/iraq.al.zarqawi/
http://i.cdn.turner.com/cnn/.element/js/2.0/frame.js
http://i.cdn.turner.com/cnn/.element/js/2.0/ad_head0.js
http://i.cdn.turner.com/cnn/cnn_adspaces/cnn_adspaces.js
http://i.a.cnn.net/cnn/.element/ssi/css/1.3/common.css
http://i.a.cnn.net/cnn/.element/ssi/css/1.3/story.css
http://i.a.cnn.net/cnn/.element/ssi/js/1.3/main.js
http://i.cnn.net/cnn/images/1.gif
http://i.a.cnn.net/cnn/images/1.gif
http://i.a.cnn.net/cnn/.element/img/1.5/ceiling/logo_cnn.gif
http://i.a.cnn.net/cnn/.element/img/1.5/ceiling/cnnCeildivider.gif
http://i.a.cnn.net/cnn/.element/img/1.5/ceiling/search/hdr_search.gif
http://i.a.cnn.net/cnn/.element/img/1.5/ceiling/search/hdr_the_web.gif
http://i.a.cnn.net/cnn/.element/img/1.5/ceiling/search/hdr_cnn_com.gif
http://i.a.cnn.net/cnn/.element/img/1.5/nav/services.gif
http://i.a.cnn.net/cnn/.element/img/1.5/nav/menu_bottom_line.gif
http://i.a.cnn.net/cnn/.element/img/1.5/nav/search.gif
http://i.a.cnn.net/cnn/.element/img/1.0/sect/WORLD/header.world.gif
http://i.a.cnn.net/cnn/SPECIALS/2005/iraq.transition/images/banners/cobranded.bnr.iraq.power.jpg
http://i.a.cnn.net/cnn/2006/WORLD/meast/06/08/iraq.al.zarqawi/story.compare.pool.jpg
http://i.a.cnn.net/cnn/.element/img/1.1/misc/cl/whatsthis_white.gif
http://i.a.cnn.net/cnn/.element/img/1.1/misc/cl/advlinks1.gif
http://i.cnn.net/cnn/SPECIALS/2005/iraq.transition/images/banners/include.iraq.power.jpg
http://i.a.cnn.net/cnn/.element/img/1.0/misc/clickability.time.gif
http://i.a.cnn.net/cnn/.element/ssi/js/1.1/clickability/button2006_1.js
http://i.a.cnn.net/cnn/.element/ssi/js/1.1/clickability/button2006_2.js
http://i.a.cnn.net/cnn/images/time/cover_cnn.jpg
http://i.a.cnn.net/cnn/.element/img/1.3/story/relateds.headers/top.stories.gif
http://i.a.cnn.net/cnn/.element/img/1.3/misc/bbin.gray.gradient.gif
http://i.cnn.net/cnn/.element/img/1.1/misc/cb/search_jobs.gif
http://i.cnn.net/cnn/.element/img/1.1/misc/cb/more_options.gif
http://i.cnn.net/cnn/.element/img/1.1/misc/cb/spacer.gif
http://i.cnn.net/cnn/.element/img/1.1/misc/cb/cb_logo.gif
http://i.cnn.net/cnn/.element/img/1.1/misc/cb/search_button.gif
http://i.a.cnn.net/cnn/.element/img/1.3/floor/dots.gif
http://i.a.cnn.net/cnn/.element/img/1.3/misc/icon.offsite.gif
http://i.a.cnn.net/cnn/.element/img/1.3/floor/icon.wd.pipe.gray.gif
http://i.a.cnn.net/cnn/.element/img/1.3/floor/icon.wd.pod.gif
http://i.a.cnn.net/cnn/.element/img/1.3/floor/icon.wd.xml.gif
http://cnn.dyn.cnn.com/cookie.crumb
http://i.cdn.turner.com/cnn/images/1.gif
http://i.cnn.net/cnn/.element/img/1.5/ceiling/nav_pipeline_dkblue.gif
http://i.cnn.net/cnn/.element/img/1.5/ceiling/nav_pipeline_ltblue.gif
http://i.a.cnn.net/cnn/.element/img/1.5/main/hdr_bg_2.gif
http://i.a.cnn.net/cnn/.element/img/1.5/ceiling/hdr_line_edge.gif
http://i.a.cnn.net/cnn/.element/img/1.5/nav/menu_bg.gif
http://i.a.cnn.net/cnn/.element/img/1.5/nav/menu_separator.gif
http://i.a.cnn.net/cnn/.element/img/1.5/nav/menu_top_line.gif
http://i.a.cnn.net/cnn/.element/img/1.3/nav/nav.blue.gif
http://i.a.cnn.net/cnn/.element/img/1.3/nav/nav.auto.off.gif
http://i.a.cnn.net/cnn/.element/img/1.3/nav/nav.time.off.gif
http://i.a.cnn.net/cnn/.element/img/1.3/nav/nav.si.off.gif
http://i.a.cnn.net/cnn/.element/img/1.3/nav/navmoney.off.gif
http://i.a.cnn.net/cnn/.element/img/1.3/nav/nav.red.gif
http://i.a.cnn.net/cnn/.element/img/1.3/story/ie.headers/story.blue.bg.gif
http://i.cnn.net/cnn/.element/img/1.3/story/programming.note/generic.gif
http://i.a.cnn.net/cnn/images/clickability/000099/h-s-icon-l.gif
http://i.a.cnn.net/cnn/images/clickability/000099/h-s-text-l.gif
http://i.a.cnn.net/cnn/images/clickability/000099/h-e-icon-l.gif
http://i.a.cnn.net/cnn/images/clickability/000099/h-e-text-l.gif
http://i.a.cnn.net/cnn/images/clickability/000099/h-p-icon-l.gif
http://i.a.cnn.net/cnn/images/clickability/000099/h-p-text-l.gif
http://i.a.cnn.net/cnn/images/clickability/000099/h-mp-icon-l.gif
http://i.a.cnn.net/cnn/images/clickability/000099/h-mp-text-l.gif
http://i.a.cnn.net/cnn/.element/img/1.3/misc/section.gray.gradient3.gif
http://www.cnn.com/.element/ssi/www/breaking_news/1.1/banner.exclude.html?domId=cnnBreakingNewsBanner
http://cnn.dyn.cnn.com/1.gif?1524029926501
http://gdyn.cnn.com/1.1/1.gif?1524029926503
http://www.cnn.com/2006/WORLD/meast/06/08/iraq.al.zarqawi/imgChng/p0-0.exclude.html?domId=imageChanger0&pNo=0
http://i.a.cnn.net/cnn/2006/WORLD/meast/06/08/iraq.al.zarqawi/story.compare.pool.jpg
http://i.a.cnn.net/cnn/interactive/common.elements/images/next.gif
http://i.a.cnn.net/cnn/.element/img/1.3/nav/nav.time.on.gif
http://www.cnn.com/2006/WORLD/meast/06/08/iraq.al.zarqawi/
http://i.cdn.turner.com/cnn/.element/js/2.0/frame.js
http://i.cdn.turner.com/cnn/.element/js/2.0/ad_head0.js
http://i.cdn.turner.com/cnn/cnn_adspaces/cnn_adspaces.js
http://i.a.cnn.net/cnn/.element/ssi/css/1.3/common.css
http://i.a.cnn.net/cnn/.element/ssi/css/1.3/story.css
http://i.a.cnn.net/cnn/.element/ssi/js/1.3/main.js
http://i.cnn.net/cnn/images/1.gif
http://i.a.cnn.net/cnn/images/1.gif
http://i.a.cnn.net/cnn/.element/img/1.5/ceiling/logo_cnn.gif
http://i.a.cnn.net/cnn/.element/img/1.5/ceiling/cnnCeildivider.gif
http://i.a.cnn.net/cnn/.element/img/1.5/ceiling/search/hdr_search.gif
http://i.a.cnn.net/cnn/.element/img/1.5/ceiling/search/hdr_the_web.gif
http://i.a.cnn.net/cnn/.element/img/1.5/ceiling/search/hdr_cnn_com.gif
http://i.a.cnn.net/cnn/.element/img/1.5/nav/services.gif
http://i.a.cnn.net/cnn/.element/img/1.5/nav/menu_bottom_line.gif
http://i.a.cnn.net/cnn/.element/img/1.5/nav/search.gif
http://i.a.cnn.net/cnn/.element/img/1.0/sect/WORLD/header.world.gif
http://i.a.cnn.net/cnn/SPECIALS/2005/iraq.transition/images/banners/cobranded.bnr.iraq.power.jpg
http://i.a.cnn.net/cnn/2006/WORLD/meast/06/08/iraq.al.zarqawi/story.compare.pool.jpg
http://i.a.cnn.net/cnn/.element/img/1.1/misc/cl/whatsthis_white.gif
http://i.a.cnn.net/cnn/.element/img/1.1/misc/cl/advlinks1.gif
http://i.cnn.net/cnn/SPECIALS/2005/iraq.transition/images/banners/include.iraq.power.jpg
http://i.a.cnn.net/cnn/.element/img/1.0/misc/clickability.time.gif
http://i.a.cnn.net/cnn/.element/ssi/js/1.1/clickability/button2006_1.js
http://i.a.cnn.net/cnn/.element/ssi/js/1.1/clickability/button2006_2.js
http://i.a.cnn.net/cnn/images/time/cover_cnn.jpg
http://i.a.cnn.net/cnn/.element/img/1.3/story/relateds.headers/top.stories.gif
http://i.a.cnn.net/cnn/.element/img/1.3/misc/bbin.gray.gradient.gif
http://i.cnn.net/cnn/.element/img/1.1/misc/cb/search_jobs.gif
http://i.cnn.net/cnn/.element/img/1.1/misc/cb/more_options.gif
http://i.cnn.net/cnn/.element/img/1.1/misc/cb/spacer.gif
http://i.cnn.net/cnn/.element/img/1.1/misc/cb/cb_logo.gif
http://i.cnn.net/cnn/.element/img/1.1/misc/cb/search_button.gif
http://i.a.cnn.net/cnn/.element/img/1.3/floor/dots.gif
http://i.a.cnn.net/cnn/.element/img/1.3/misc/icon.offsite.gif
http://i.a.cnn.net/cnn/.element/img/1.3/floor/icon.wd.pipe.gray.gif
http://i.a.cnn.net/cnn/.element/img/1.3/floor/icon.wd.pod.gif
http://i.a.cnn.net/cnn/.element/img/1.3/floor/icon.wd.xml.gif
http://cnn.dyn.cnn.com/cookie.crumb
http://i.cdn.turner.com/cnn/images/1.gif
http://i.cnn.net/cnn/.element/img/1.5/ceiling/nav_pipeline_dkblue.gif
http://i.cnn.net/cnn/.element/img/1.5/ceiling/nav_pipeline_ltblue.gif
http://i.a.cnn.net/cnn/.element/img/1.5/main/hdr_bg_2.gif
http://i.a.cnn.net/cnn/.element/img/1.5/ceiling/hdr_line_edge.gif
http://i.a.cnn.net/cnn/.element/img/1.3/nav/nav.blue.gif
http://i.a.cnn.net/cnn/.element/img/1.3/nav/nav.auto.off.gif
http://i.a.cnn.net/cnn/.element/img/1.3/nav/nav.time.off.gif
http://i.a.cnn.net/cnn/.element/img/1.3/nav/nav.si.off.gif
http://i.a.cnn.net/cnn/.element/img/1.3/nav/navmoney.off.gif
http://i.a.cnn.net/cnn/.element/img/1.3/nav/nav.red.gif
http://i.a.cnn.net/cnn/images/clickability/000099/h-s-icon-l.gif
http://i.a.cnn.net/cnn/images/clickability/000099/h-s-text-l.gif
http://i.a.cnn.net/cnn/images/clickability/000099/h-e-icon-l.gif
http://i.a.cnn.net/cnn/images/clickability/000099/h-e-text-l.gif
http://i.a.cnn.net/cnn/images/clickability/000099/h-p-icon-l.gif
http://i.a.cnn.net/cnn/images/clickability/000099/h-p-text-l.gif
http://i.a.cnn.net/cnn/images/clickability/000099/h-mp-icon-l.gif
http://i.a.cnn.net/cnn/images/clickability/000099/h-mp-text-l.gif
http://i.a.cnn.net/cnn/.element/img/1.3/misc/section.gray.gradient3.gif
http://i.a.cnn.net/cnn/.element/img/1.3/story/ie.headers/story.blue.bg.gif
http://i.cnn.net/cnn/.element/img/1.3/story/programming.note/generic.gif
http://i.a.cnn.net/cnn/.element/img/1.5/nav/menu_bg.gif
http://i.a.cnn.net/cnn/.element/img/1.5/nav/menu_separator.gif
http://i.a.cnn.net/cnn/.element/img/1.5/nav/menu_top_line.gif
http://www.cnn.com/2006/WORLD/meast/06/08/iraq.al.zarqawi/imgChng/p0-0.exclude.html?domId=imageChanger0&pNo=0
http://cnn.dyn.cnn.com/1.gif?1524030085404
http://gdyn.cnn.com/1.1/1.gif?1524030085407
http://i.a.cnn.net/cnn/interactive/common.elements/images/next.gif
http://www.cnn.com/.element/ssi/www/breaking_news/1.1/banner.exclude.html?domId=cnnBreakingNewsBanner
