https://www.premierleague.com/video/fixture/14270
https://www.premierleague.com/resources/ver/i18n/i18n-en.js
https://www.premierleague.com/resources/ver/styles/badge-abbreviations.css
https://www.premierleague.com/resources/ver/styles/screen.css
https://www.googletagservices.com/tag/js/gpt.js
https://fonts.googleapis.com/css?family=Poppins:400,700
https://cdn.polyfill.io/v2/polyfill.min.js
https://www.premierleague.com/resources/ver/bower/fastclick/lib/fastclick.js
https://www.premierleague.com/resources/ver/bower/mustache.js/mustache.min.js
https://www.premierleague.com/resources/ver/bower/moment/min/moment-with-locales.min.js
https://www.premierleague.com/resources/ver/bower/moment-timezone/moment-timezone.js
https://www.premierleague.com/resources/ver/bower/object-fit-images/dist/ofi.browser.js
https://www.premierleague.com/resources/ver/bower/intersection-observer/polyfill/intersection-observer.js
https://www.premierleague.com/resources/ver/i/elements/premier-league-logo-header.svg
https://www.premierleague.com/resources/ver/i/elements/premier-league-logo-header-mob.svg
http://cdn.pulselive.com/test/client/pl/test/i/elements/premier-league-logo-header-full.png
https://premierleague-static-files.s3.amazonaws.com/premierleague/photo/2017/02/01/18e51eeb-0689-413f-abf4-8996b47f9d30/1997-09-21T000000Z_1_MT1ACI158278_RTRMADP_3_SOCCER-ENGLAND-CHE.JPG
https://premierleague-static-files.s3.amazonaws.com/premierleague/photo/2017/02/02/027491f5-63e4-4b94-8b4c-e0c47ed90958/2014-09-21T174127Z_1_MT1ACI12798248_RTRMADP_3_SOCCER-ENGLAND-MCI-CHE.JPG
https://premierleague-static-files.s3.amazonaws.com/premierleague/photo/2017/02/02/600a50bf-3692-4676-865d-3a8aa223ee9c/GettyImages-159349750.jpg
https://premierleague-static-files.s3.amazonaws.com/premierleague/photo/2017/01/15/eccd9c93-eb9b-48be-95fd-19798b08b805/2017-01-15T152658Z_127495618_MT1ACI14727624_RTRMADP_3_SOCCER-ENGLAND-EVE-MCI.JPG
https://premierleague-static-files.s3.amazonaws.com/premierleague/photo/2017/02/03/a429e3ac-a509-428c-8144-ee57e683560d/GettyImages-1666473.jpg
https://premierleague-static-files.s3.amazonaws.com/premierleague/photo/2017/01/04/c49cd947-bf83-4897-9a4e-720d620d5830/630970128.jpg
https://premierleague-static-files.s3.amazonaws.com/premierleague/photo/2017/02/03/618f8004-bf6a-4a15-ae0f-f9f7139522b4/GettyImages-610110082.jpg
https://premierleague-static-files.s3.amazonaws.com/premierleague/photo/2017/02/03/8e5bb983-cd9f-482b-bebe-8c95c9fde034/GettyImages-633497354.jpg
https://premierleague-static-files.s3.amazonaws.com/premierleague/photo/2017/02/03/62a23cf1-1aa9-4939-bb03-caf864704b65/GettyImages-1240677.jpg
https://premierleague-static-files.s3.amazonaws.com/premierleague/photo/2017/02/04/2285925b-f2f6-4d21-a514-8569269912f1/pcBYlROb.jpg
https://premierleague-static-files.s3.amazonaws.com/premierleague/photo/2017/02/04/c4e92eb6-6f5b-45ca-b38e-8c872e429d8a/VaXhbNdu.jpg
https://premierleague-static-files.s3.amazonaws.com/premierleague/photo/2017/02/04/8763c8d9-c364-48a8-87f2-c2a993f5682b/vpBGIuui.jpg
https://premierleague-static-files.s3.amazonaws.com/premierleague/photo/2017/02/04/2ea46769-8560-446d-bdaa-a6f5722ddc48/2017-02-04T113548Z_129209748_MT1ACI14745556_RTRMADP_3_SOCCER-ENGLAND-CHE-ARS.JPG
https://premierleague-static-files.s3.amazonaws.com/premierleague/photo/2017/02/04/72eec8bb-d589-46fa-b5bf-1420d4744052/633775444.jpg
https://www.premierleague.com/resources/ver/bower/pulse-js/dist/pulse.min.js
https://www.premierleague.com/resources/ver/scripts/main.min.js
https://www.premierleague.com/resources/ver/widgets/common.min.js
https://adservice.google.com/adsid/integrator.js?domain=www.premierleague.com
https://securepubads.g.doubleclick.net/gpt/pubads_impl_194.js
https://www.googletagmanager.com/gtm.js?id=GTM-MS75QT
https://www.premierleague.com/resources/ver/i/sprites/global-sprite.png
https://www.premierleague.com/resources/ver/i/sprites/badges-50-sprite.png
https://www.premierleague.com/resources/ver/i/sprites/badges-25-sprite.png
https://www.premierleague.com/resources/ver/fonts/PremierLeagueW01-Regular.woff2
https://www.premierleague.com/resources/ver/fonts/PremierLeagueW01-Bold.woff2
https://www.premierleague.com/resources/ver/fonts/PremierLeagueW01-LightIt.woff2
https://www.premierleague.com/resources/ver/i/bg-elements/footer-right.svg
https://www.premierleague.com/resources/ver/i/bg-elements/page-hero-primary.png
https://track.adform.net/serving/scripts/trackpoint/
https://securepubads.g.doubleclick.net/gpt/pubads_impl_rendering_194.js
https://securepubads.g.doubleclick.net/gampad/ads?gdfp_req=1&correlator=2605288688729083&output=json_html&callback=googletag.impl.pubads.callbackProxy1&impl=fifs&adsid=NT&jar=2018-4-16-20&json_a=1&eid=21061149%2C21061301&sc=1&sfv=1-0-23&iu_parts=131332370%2CGeneralTakeover&enc_prev_ius=%2F0%2F1&prev_iu_szs=1600x900%7C970x250%7C728x90&cookie=ID%3D1e44bc911adfe241%3AT%3D1523911278%3AS%3DALNI_MYMnyT9yHzwMqyZMVnZ42hyYvcOOA&abxe=1&lmt=1523912232&dt=1523912232075&frm=20&biw=1223&bih=1330&oid=3&adxs=0&adys=0&adks=1160857628&gut=v2&ifi=1&u_tz=-420&u_his=2&u_h=1440&u_w=2560&u_ah=1416&u_aw=2495&u_cd=24&u_nplug=4&u_nmime=5&u_sd=1&flash=0&url=https%3A%2F%2Fwww.premierleague.com%2Fvideo%2Ffixture%2F14270&dssz=22&icsg=9538895679&std=0&vrg=194&vis=1&dmc=8&scr_x=0&scr_y=0&ga_vid=1206838674.1523911279&ga_sid=1523912232&ga_hid=458708769
https://tpc.googlesyndication.com/safeframe/1-0-23/html/container.html
https://www.google-analytics.com/analytics.js
https://www.google-analytics.com/collect?v=1&_v=j66&a=458708769&t=pageview&_s=1&dl=https%3A%2F%2Fwww.premierleague.com%2Fvideo%2Ffixture%2F14270&ul=en-us&de=UTF-8&dt=Chelsea%20v%20Arsenal%20Videos%202016%2F17%20%7C%20Premier%20League&sd=24-bit&sr=2560x1440&vp=1223x1330&je=0&_u=QCCAgAAB~&jid=&gjid=&cid=1206838674.1523911279&tid=UA-33785302-1&_gid=1442048216.1523911279&gtm=G46MS75QT&z=979268075
https://track.adform.net/Serving/TrackPoint/?pm=998269&ADFPageName=Master%20Tag&ADFdivider=%7C&ord=352799516638&Set1=en-US%7Cen-US%7C2560x1440%7C24&ADFtpmode=3&loc=https%3A%2F%2Fwww.premierleague.com%2Fvideo%2Ffixture%2F14270
https://track.adform.net/Serving/TrackPoint/?pm=998269&ADFPageName=testpl.pulselive.com&ADFdivider=%7C&ord=223621360707&Set1=en-US%7Cen-US%7C2560x1440%7C24&ADFtpmode=2&itm=eyJ2YXIxIjoicHJlbWllcmxlYWd1ZS5jb20vdmlkZW8vZml4dHVyZS8xNDI3MCJ9&loc=https%3A%2F%2Fwww.premierleague.com%2Fvideo%2Ffixture%2F14270
https://www.premierleague.com/resources/ver/widgets/pl_global-header.min.js
https://www.premierleague.com/resources/ver/widgets/pl_social-share.min.js
https://www.premierleague.com/resources/ver/widgets/pl_editorial-lists.min.js
https://www.premierleague.com/resources/ver/widgets/pl_video-player.min.js
https://www.premierleague.com/resources/ver/widgets/pl_footer.min.js
https://players.brightcove.net/2508689025001/41lxByjWql_default/index.min.js?plVideoModal
https://vjs.zencdn.net/vttjs/0.12.5/vtt.global.min.js
https://metrics.brightcove.com/v2/tracker?domain=videocloud&platform=video-js&session=37db9d32d50d343150ef4d17&account=2508689025001&destination=https%3A%2F%2Fwww.premierleague.com%2Fvideo%2Ffixture%2F14270&platform_version=5.28.1&player=players.brightcove.com%2F2508689025001%2F41lxByjWql_default&player_name=Premier%20League%20Player&source=&event=player_init&time=1523912233269
https://metrics.brightcove.com/v2/tracker?domain=videocloud&platform=video-js&session=37db9d32d50d343150ef4d17&account=2508689025001&destination=https%3A%2F%2Fwww.premierleague.com%2Fvideo%2Ffixture%2F14270&platform_version=5.28.1&player=players.brightcove.com%2F2508689025001%2F41lxByjWql_default&player_name=Premier%20League%20Player&source=&usage=inpage-embed&event=player_load&time=1523912233332&qos.performance.memory.jsHeapSizeLimit=2190000000&qos.performance.memory.usedJSHeapSize=10000000&qos.performance.memory.totalJSHeapSize=10000000&qos.performance.navigation.redirectCount=0&qos.performance.navigation.type=0&qos.performance.navigation.directedMigration=false&qos.performance.timing.loadEventEnd=1523912232852&qos.performance.timing.loadEventStart=1523912232826&qos.performance.timing.domComplete=1523912232826&qos.performance.timing.domContentLoadedEventEnd=1523912232015&qos.performance.timing.domContentLoadedEventStart=1523912232009&qos.performance.timing.domInteractive=1523912232008&qos.performance.timing.domLoading=1523912231344&qos.performance.timing.responseEnd=1523912231342&qos.performance.timing.responseStart=1523912231338&qos.performance.timing.requestStart=1523912230248&qos.performance.timing.secureConnectionStart=0&qos.performance.timing.connectEnd=1523912230239&qos.performance.timing.connectStart=1523912230239&qos.performance.timing.domainLookupEnd=1523912230239&qos.performance.timing.domainLookupStart=1523912230239&qos.performance.timing.fetchStart=1523912230239&qos.performance.timing.redirectEnd=0&qos.performance.timing.redirectStart=0&qos.performance.timing.unloadEventEnd=0&qos.performance.timing.unloadEventStart=0&qos.performance.timing.navigationStart=1523912230238&qos.performance.bcInit=159.30000017397106&qos.player.dimensions=%5B%5B1523912233331%2C%220x0%22%2C%22100x0%22%5D%5D&qos.player.pixelratio=%5B%5B1523912233331%2C1%5D%5D&qos.player.screendimensions=%5B%5B1523912233331%2C%222560x1440%22%5D%5D
