https://www.premierleague.com/video/fixture/22675
https://www.premierleague.com/resources/ver/i18n/i18n-en.js
https://www.premierleague.com/resources/ver/styles/badge-abbreviations.css
https://www.premierleague.com/resources/ver/styles/screen.css
https://www.googletagservices.com/tag/js/gpt.js
https://fonts.googleapis.com/css?family=Poppins:400,700
https://cdn.polyfill.io/v2/polyfill.min.js
https://www.premierleague.com/resources/ver/bower/fastclick/lib/fastclick.js
https://www.premierleague.com/resources/ver/bower/mustache.js/mustache.min.js
https://www.premierleague.com/resources/ver/bower/moment/min/moment-with-locales.min.js
https://www.premierleague.com/resources/ver/bower/moment-timezone/moment-timezone.js
https://www.premierleague.com/resources/ver/bower/object-fit-images/dist/ofi.browser.js
https://www.premierleague.com/resources/ver/bower/intersection-observer/polyfill/intersection-observer.js
https://www.premierleague.com/resources/ver/i/elements/premier-league-logo-header.svg
https://www.premierleague.com/resources/ver/i/elements/premier-league-logo-header-mob.svg
http://cdn.pulselive.com/test/client/pl/test/i/elements/premier-league-logo-header-full.png
https://premierleague-static-files.s3.amazonaws.com/premierleague/photo/2017/08/30/16e61229-a9d4-4207-969e-007cec26395d/GettyImages-627652358.jpg
https://premierleague-static-files.s3.amazonaws.com/premierleague/photo/2018/04/11/b89d1e8e-74e4-46df-9351-d48a77e523e6/hexEYrYm.jpg
https://premierleague-static-files.s3.amazonaws.com/premierleague/photo/2018/04/12/29b61128-e66e-42c4-b680-178d1dc74940/fvLBMRaP.jpg
https://premierleague-static-files.s3.amazonaws.com/premierleague/photo/2018/04/13/dd22a8f2-211f-48cc-85f0-772847ab98a1/Mohamed-Salah.png
https://premierleague-static-files.s3.amazonaws.com/premierleague/photo/2017/08/27/3f70f340-34f7-4c3b-b05e-6fb44a324fb5/2017-08-27T161651Z_1887275005_RC14229357A0_RTRMADP_3_SOCCER-ENGLAND-LIV-ARS.JPG
https://premierleague-static-files.s3.amazonaws.com/premierleague/photo/2018/03/23/2ad1c5d4-6fea-443a-ade2-6ae1db39eb21/GettyImages-453599403.jpg
https://premierleague-static-files.s3.amazonaws.com/premierleague/photo/2018/04/16/60f0d491-7d65-4ff6-bcf4-61c021c64c12/GettyImages-847881128.jpg
https://www.premierleague.com/resources/ver/bower/pulse-js/dist/pulse.min.js
https://www.premierleague.com/resources/ver/scripts/main.min.js
https://www.premierleague.com/resources/ver/widgets/common.min.js
https://adservice.google.com/adsid/integrator.js?domain=www.premierleague.com
https://securepubads.g.doubleclick.net/gpt/pubads_impl_194.js?v=195
https://www.googletagmanager.com/gtm.js?id=GTM-MS75QT
https://www.premierleague.com/resources/ver/i/sprites/global-sprite.png
https://www.premierleague.com/resources/ver/i/sprites/badges-50-sprite.png
https://www.premierleague.com/resources/ver/i/sprites/badges-25-sprite.png
https://www.premierleague.com/resources/ver/fonts/PremierLeagueW01-Regular.woff2
https://www.premierleague.com/resources/ver/fonts/PremierLeagueW01-Bold.woff2
https://www.premierleague.com/resources/ver/fonts/PremierLeagueW01-LightIt.woff2
https://www.premierleague.com/resources/ver/i/bg-elements/footer-right.svg
https://www.premierleague.com/resources/ver/i/bg-elements/page-hero-primary.png
https://securepubads.g.doubleclick.net/gampad/ads?gdfp_req=1&correlator=3204803538443099&output=json_html&callback=googletag.impl.pubads.callbackProxy1&impl=fifs&adsid=NT&jar=2018-4-16-20&json_a=1&eid=21061214%2C21061764%2C21061884%2C21061149%2C21061743&sc=1&sfv=1-0-23&iu_parts=131332370%2CGeneralTakeover&enc_prev_ius=%2F0%2F1&prev_iu_szs=1600x900%7C970x250%7C728x90&cookie=ID%3D1e44bc911adfe241%3AT%3D1523911278%3AS%3DALNI_MYMnyT9yHzwMqyZMVnZ42hyYvcOOA&abxe=1&lmt=1523911478&dt=1523911478779&frm=20&biw=1223&bih=1330&oid=3&adxs=0&adys=0&adks=1160857628&gut=v2&ifi=1&u_tz=-420&u_his=2&u_h=1440&u_w=2560&u_ah=1416&u_aw=2495&u_cd=24&u_nplug=4&u_nmime=5&u_sd=1&flash=0&url=https%3A%2F%2Fwww.premierleague.com%2Fvideo%2Ffixture%2F22675&dssz=16&icsg=3706879&std=0&vrg=194&vis=1&dmc=8&scr_x=0&scr_y=0&ga_vid=1206838674.1523911279&ga_sid=1523911479&ga_hid=1846710990
https://securepubads.g.doubleclick.net/gpt/pubads_impl_rendering_194.js?cb=195
https://tpc.googlesyndication.com/safeframe/1-0-23/html/container.html
https://track.adform.net/serving/scripts/trackpoint/
https://www.google-analytics.com/analytics.js
https://www.google-analytics.com/collect?v=1&_v=j66&a=1846710990&t=pageview&_s=1&dl=https%3A%2F%2Fwww.premierleague.com%2Fvideo%2Ffixture%2F22675&ul=en-us&de=UTF-8&dt=Liverpool%20v%20AFC%20Bournemouth%20Videos%202017%2F18%20%7C%20Premier%20League&sd=24-bit&sr=2560x1440&vp=1223x1330&je=0&_u=QCCAgAAB~&jid=750605544&gjid=909797099&cid=1206838674.1523911279&tid=UA-33785302-1&_gid=1442048216.1523911279&gtm=G46MS75QT&z=2024542476
https://stats.g.doubleclick.net/r/collect?t=dc&aip=1&_r=3&v=1&_v=j66&tid=UA-33785302-1&cid=1206838674.1523911279&jid=750605544&gjid=909797099&_gid=1442048216.1523911279&_u=QCCAgAAB~&z=513163685
https://www.google.com/ads/ga-audiences?v=1&aip=1&t=sr&_r=4&tid=UA-33785302-1&cid=1206838674.1523911279&jid=750605544&_v=j66&z=513163685
https://track.adform.net/Serving/TrackPoint/?pm=998269&ADFPageName=Master%20Tag&ADFdivider=%7C&ord=865499378327&Set1=en-US%7Cen-US%7C2560x1440%7C24&ADFtpmode=3&loc=https%3A%2F%2Fwww.premierleague.com%2Fvideo%2Ffixture%2F22675
https://track.adform.net/Serving/TrackPoint/?pm=998269&ADFPageName=testpl.pulselive.com&ADFdivider=%7C&ord=826013735858&Set1=en-US%7Cen-US%7C2560x1440%7C24&ADFtpmode=2&itm=eyJ2YXIxIjoicHJlbWllcmxlYWd1ZS5jb20vdmlkZW8vZml4dHVyZS8yMjY3NSJ9&loc=https%3A%2F%2Fwww.premierleague.com%2Fvideo%2Ffixture%2F22675
https://www.premierleague.com/resources/ver/widgets/pl_global-header.min.js
https://www.premierleague.com/resources/ver/widgets/pl_social-share.min.js
https://www.premierleague.com/resources/ver/widgets/pl_editorial-lists.min.js
https://www.premierleague.com/resources/ver/widgets/pl_video-player.min.js
https://www.premierleague.com/resources/ver/widgets/pl_footer.min.js
https://players.brightcove.net/2508689025001/41lxByjWql_default/index.min.js?plVideoModal
https://vjs.zencdn.net/vttjs/0.12.5/vtt.global.min.js
https://metrics.brightcove.com/v2/tracker?domain=videocloud&platform=video-js&session=a626cbe7cbbae1f3456ab2c2&account=2508689025001&destination=https%3A%2F%2Fwww.premierleague.com%2Fvideo%2Ffixture%2F22675&platform_version=5.28.1&player=players.brightcove.com%2F2508689025001%2F41lxByjWql_default&player_name=Premier%20League%20Player&source=&event=player_init&time=1523911479933
https://metrics.brightcove.com/v2/tracker?domain=videocloud&platform=video-js&session=a626cbe7cbbae1f3456ab2c2&account=2508689025001&destination=https%3A%2F%2Fwww.premierleague.com%2Fvideo%2Ffixture%2F22675&platform_version=5.28.1&player=players.brightcove.com%2F2508689025001%2F41lxByjWql_default&player_name=Premier%20League%20Player&source=&usage=inpage-embed&event=player_load&time=1523911479998&qos.performance.memory.jsHeapSizeLimit=2190000000&qos.performance.memory.usedJSHeapSize=10000000&qos.performance.memory.totalJSHeapSize=10000000&qos.performance.navigation.redirectCount=0&qos.performance.navigation.type=0&qos.performance.navigation.directedMigration=false&qos.performance.timing.loadEventEnd=1523911479562&qos.performance.timing.loadEventStart=1523911479538&qos.performance.timing.domComplete=1523911479538&qos.performance.timing.domContentLoadedEventEnd=1523911478837&qos.performance.timing.domContentLoadedEventStart=1523911478832&qos.performance.timing.domInteractive=1523911478828&qos.performance.timing.domLoading=1523911478125&qos.performance.timing.responseEnd=1523911478124&qos.performance.timing.responseStart=1523911478120&qos.performance.timing.requestStart=1523911477472&qos.performance.timing.secureConnectionStart=0&qos.performance.timing.connectEnd=1523911477464&qos.performance.timing.connectStart=1523911477464&qos.performance.timing.domainLookupEnd=1523911477464&qos.performance.timing.domainLookupStart=1523911477464&qos.performance.timing.fetchStart=1523911477464&qos.performance.timing.redirectEnd=0&qos.performance.timing.redirectStart=0&qos.performance.timing.unloadEventEnd=0&qos.performance.timing.unloadEventStart=0&qos.performance.timing.navigationStart=1523911477462&qos.performance.bcInit=155.8999998960644&qos.player.dimensions=%5B%5B1523911479997%2C%220x0%22%2C%22100x0%22%5D%5D&qos.player.pixelratio=%5B%5B1523911479997%2C1%5D%5D&qos.player.screendimensions=%5B%5B1523911479997%2C%222560x1440%22%5D%5D
