https://www.premierleague.com/video/single/651461
https://www.premierleague.com/resources/ver/i18n/i18n-en.js
https://www.premierleague.com/resources/ver/styles/badge-abbreviations.css
https://www.premierleague.com/resources/ver/styles/screen.css
https://www.googletagservices.com/tag/js/gpt.js
https://fonts.googleapis.com/css?family=Poppins:400,700
https://cdn.polyfill.io/v2/polyfill.min.js
https://www.premierleague.com/resources/ver/bower/fastclick/lib/fastclick.js
https://www.premierleague.com/resources/ver/bower/mustache.js/mustache.min.js
https://www.premierleague.com/resources/ver/bower/moment/min/moment-with-locales.min.js
https://www.premierleague.com/resources/ver/bower/moment-timezone/moment-timezone.js
https://www.premierleague.com/resources/ver/bower/object-fit-images/dist/ofi.browser.js
https://www.premierleague.com/resources/ver/bower/intersection-observer/polyfill/intersection-observer.js
https://www.premierleague.com/resources/ver/i/elements/premier-league-logo-header.svg
https://www.premierleague.com/resources/ver/i/elements/premier-league-logo-header-mob.svg
http://cdn.pulselive.com/test/client/pl/test/i/elements/premier-league-logo-header-full.png
https://premierleague-static-files.s3.amazonaws.com/premierleague/photo/2018/04/15/b1894734-ea52-4010-aeef-6b80ca4f03ff/GettyImages-2497410.jpg
https://premierleague-static-files.s3.amazonaws.com/premierleague/photo/2018/04/15/132e153d-0c18-46b4-80ba-48b97b929a9a/2017-12-13T203002Z_670763405_RC1682A79970_RTRMADP_3_SOCCER-ENGLAND-MUN-BOU.JPG
https://premierleague-static-files.s3.amazonaws.com/premierleague/photo/2018/04/16/3af8eeb9-adec-4e1c-96ab-66e29d55bb6d/WkmLqbWO.jpg
https://premierleague-static-files.s3.amazonaws.com/premierleague/photo/2018/04/15/dbd06aae-a60d-48b7-9370-c79d3ea56bf4/Son-article.jpg
https://premierleague-static-files.s3.amazonaws.com/premierleague/photo/2018/04/15/b4c61c45-6e6b-419a-b89d-c365dd3335f9/Henry-article.jpg
https://premierleague-static-files.s3.amazonaws.com/premierleague/photo/2018/04/15/c1ea66b9-712a-4c0f-b874-36cdb4780f3c/Huckerby-article.jpg
https://premierleague-static-files.s3.amazonaws.com/premierleague/photo/2018/04/14/ee3239c7-8ebb-4009-a0c0-2fc1811a90a1/946262164.jpg
https://premierleague-static-files.s3.amazonaws.com/premierleague/photo/2018/01/20/d3e3150d-658c-4557-82b6-5024504f2a6c/2018-01-20T191407Z_243406374_RC18BD5E80D0_RTRMADP_3_SOCCER-ENGLAND-MCI-NEW.JPG
https://premierleague-static-files.s3.amazonaws.com/premierleague/photo/2018/04/16/ec423e4c-51ea-46ba-89e2-830d59dc1716/947126360.jpg
https://premierleague-static-files.s3.amazonaws.com/premierleague/photo/2018/04/16/3d466d45-a50b-4486-b37a-92d5c674b94d/GettyImages-930085262-1-.jpg
https://premierleague-static-files.s3.amazonaws.com/premierleague/photo/2018/04/15/e6bd359d-2681-406b-97a6-f70497778df2/Man-Utd-2009.jpg
https://premierleague-static-files.s3.amazonaws.com/premierleague/photo/2018/04/14/d81fe143-64c3-4998-9775-7a68ae10c52b/2018-04-14T202252Z_41123467_RC113C353590_RTRMADP_3_SOCCER-ENGLAND-TOT-MCI.JPG
https://premierleague-static-files.s3.amazonaws.com/premierleague/photo/2018/04/16/60f0d491-7d65-4ff6-bcf4-61c021c64c12/GettyImages-847881128.jpg
https://premierleague-static-files.s3.amazonaws.com/premierleague/photo/2017/09/30/c2646809-ae8c-473d-864f-1f673931ccba/855956090.jpg
https://premierleague-static-files.s3.amazonaws.com/premierleague/photo/2018/04/16/d09a70f0-135d-4e84-bea4-8060e82af4c8/Molyneux.png
https://premierleague-static-files.s3.amazonaws.com/premierleague/photo/2018/04/16/f0649e31-6c89-471c-949d-bf41c16f2beb/12-Luke-Armstrong-peels-away-to-celebrate-after-smashing-home-the-winner-against-Derby.JPG
https://www.premierleague.com/resources/ver/bower/pulse-js/dist/pulse.min.js
https://www.premierleague.com/resources/ver/scripts/main.min.js
https://www.premierleague.com/resources/ver/widgets/common.min.js
https://adservice.google.com/adsid/integrator.js?domain=www.premierleague.com
https://securepubads.g.doubleclick.net/gpt/pubads_impl_194.js
https://www.googletagmanager.com/gtm.js?id=GTM-MS75QT
https://www.premierleague.com/resources/ver/i/sprites/global-sprite.png
https://www.premierleague.com/resources/ver/i/sprites/badges-50-sprite.png
https://www.premierleague.com/resources/ver/i/sprites/badges-25-sprite.png
https://www.premierleague.com/resources/ver/fonts/PremierLeagueW01-Regular.woff2
https://www.premierleague.com/resources/ver/fonts/PremierLeagueW01-Bold.woff2
https://www.premierleague.com/resources/ver/fonts/PremierLeagueW01-LightIt.woff2
https://www.premierleague.com/resources/ver/i/bg-elements/footer-right.svg
https://securepubads.g.doubleclick.net/gampad/ads?gdfp_req=1&correlator=2472804883089145&output=json_html&callback=googletag.impl.pubads.callbackProxy1&impl=fifs&adsid=NT&jar=2018-4-16-22&json_a=1&eid=21061646%2C21061149%2C21061131&sc=1&sfv=1-0-23&iu_parts=131332370%2CGeneralTakeover&enc_prev_ius=%2F0%2F1&prev_iu_szs=1600x900%7C970x250%7C728x90&cookie=ID%3D1e44bc911adfe241%3AT%3D1523911278%3AS%3DALNI_MYMnyT9yHzwMqyZMVnZ42hyYvcOOA&abxe=1&lmt=1523919462&dt=1523919462410&frm=20&biw=1223&bih=1330&oid=3&adxs=0&adys=0&adks=1160857628&gut=v2&ifi=1&u_tz=-420&u_his=2&u_h=1440&u_w=2560&u_ah=1416&u_aw=2495&u_cd=24&u_nplug=4&u_nmime=5&u_sd=1&flash=0&url=https%3A%2F%2Fwww.premierleague.com%2Fvideo%2Fsingle%2F651461&dssz=16&icsg=3706879&std=0&vrg=194&vis=1&dmc=8&scr_x=0&scr_y=0&ga_vid=1206838674.1523911279&ga_sid=1523919462&ga_hid=1450965193
https://securepubads.g.doubleclick.net/gpt/pubads_impl_rendering_194.js
https://tpc.googlesyndication.com/safeframe/1-0-23/html/container.html
https://track.adform.net/serving/scripts/trackpoint/
https://www.google-analytics.com/analytics.js
https://www.google-analytics.com/collect?v=1&_v=j66&a=1450965193&t=pageview&_s=1&dl=https%3A%2F%2Fwww.premierleague.com%2Fvideo%2Fsingle%2F651461&ul=en-us&de=UTF-8&dt=Premier%20League%20official%20news%2C%20stats%2C%20results%20%26%20videos&sd=24-bit&sr=2560x1440&vp=1223x1330&je=0&_u=QCCAgAAB~&jid=&gjid=&cid=1206838674.1523911279&tid=UA-33785302-1&_gid=1442048216.1523911279&gtm=G46MS75QT&z=218395132
https://track.adform.net/Serving/TrackPoint/?pm=998269&ADFPageName=Master%20Tag&ADFdivider=%7C&ord=799057527680&Set1=en-US%7Cen-US%7C2560x1440%7C24&ADFtpmode=3&loc=https%3A%2F%2Fwww.premierleague.com%2Fvideo%2Fsingle%2F651461
https://track.adform.net/Serving/TrackPoint/?pm=998269&ADFPageName=testpl.pulselive.com&ADFdivider=%7C&ord=44328206440&Set1=en-US%7Cen-US%7C2560x1440%7C24&ADFtpmode=2&itm=eyJ2YXIxIjoicHJlbWllcmxlYWd1ZS5jb20vdmlkZW8vc2luZ2xlLzY1MTQ2MSJ9&loc=https%3A%2F%2Fwww.premierleague.com%2Fvideo%2Fsingle%2F651461
https://www.premierleague.com/resources/ver/widgets/pl_global-header.min.js
https://www.premierleague.com/resources/ver/widgets/pl_video-player.min.js
https://www.premierleague.com/resources/ver/widgets/pl_editorial-lists.min.js
https://www.premierleague.com/resources/ver/widgets/pl_footer.min.js
https://players.brightcove.net/2508689025001/41lxByjWql_default/index.min.js?plVideoModal
https://vjs.zencdn.net/vttjs/0.12.5/vtt.global.min.js
https://metrics.brightcove.com/v2/tracker?domain=videocloud&platform=video-js&session=886914bd2b965f6dbdc750bf&account=2508689025001&destination=https%3A%2F%2Fwww.premierleague.com%2Fvideo%2Fsingle%2F651461&platform_version=5.28.1&player=players.brightcove.com%2F2508689025001%2F41lxByjWql_default&player_name=Premier%20League%20Player&source=&event=player_init&time=1523919463611
https://metrics.brightcove.com/v2/tracker?domain=videocloud&platform=video-js&session=886914bd2b965f6dbdc750bf&account=2508689025001&destination=https%3A%2F%2Fwww.premierleague.com%2Fvideo%2Fsingle%2F651461&platform_version=5.28.1&player=players.brightcove.com%2F2508689025001%2F41lxByjWql_default&player_name=Premier%20League%20Player&source=&usage=inpage-embed&event=player_load&time=1523919463679&qos.performance.memory.jsHeapSizeLimit=2190000000&qos.performance.memory.usedJSHeapSize=10000000&qos.performance.memory.totalJSHeapSize=10000000&qos.performance.navigation.redirectCount=0&qos.performance.navigation.type=0&qos.performance.navigation.directedMigration=false&qos.performance.timing.loadEventEnd=1523919463206&qos.performance.timing.loadEventStart=1523919463183&qos.performance.timing.domComplete=1523919463183&qos.performance.timing.domContentLoadedEventEnd=1523919462488&qos.performance.timing.domContentLoadedEventStart=1523919462478&qos.performance.timing.domInteractive=1523919462476&qos.performance.timing.domLoading=1523919461729&qos.performance.timing.responseEnd=1523919461728&qos.performance.timing.responseStart=1523919461723&qos.performance.timing.requestStart=1523919461295&qos.performance.timing.secureConnectionStart=0&qos.performance.timing.connectEnd=1523919461282&qos.performance.timing.connectStart=1523919461282&qos.performance.timing.domainLookupEnd=1523919461282&qos.performance.timing.domainLookupStart=1523919461282&qos.performance.timing.fetchStart=1523919461282&qos.performance.timing.redirectEnd=0&qos.performance.timing.redirectStart=0&qos.performance.timing.unloadEventEnd=0&qos.performance.timing.unloadEventStart=0&qos.performance.timing.navigationStart=1523919461254&qos.performance.bcInit=162.69999998621643&qos.player.dimensions=%5B%5B1523919463678%2C%220x0%22%2C%22300x150%22%5D%5D&qos.player.pixelratio=%5B%5B1523919463678%2C1%5D%5D&qos.player.screendimensions=%5B%5B1523919463678%2C%222560x1440%22%5D%5D
