https://www.premierleague.com/video/fixture/22513
https://www.premierleague.com/resources/ver/i18n/i18n-en.js
https://www.premierleague.com/resources/ver/styles/badge-abbreviations.css
https://www.premierleague.com/resources/ver/styles/screen.css
https://www.googletagservices.com/tag/js/gpt.js
https://fonts.googleapis.com/css?family=Poppins:400,700
https://cdn.polyfill.io/v2/polyfill.min.js
https://www.premierleague.com/resources/ver/bower/fastclick/lib/fastclick.js
https://www.premierleague.com/resources/ver/bower/mustache.js/mustache.min.js
https://www.premierleague.com/resources/ver/bower/moment/min/moment-with-locales.min.js
https://www.premierleague.com/resources/ver/bower/moment-timezone/moment-timezone.js
https://www.premierleague.com/resources/ver/bower/object-fit-images/dist/ofi.browser.js
https://www.premierleague.com/resources/ver/bower/intersection-observer/polyfill/intersection-observer.js
https://www.premierleague.com/resources/ver/i/elements/premier-league-logo-header.svg
https://www.premierleague.com/resources/ver/i/elements/premier-league-logo-header-mob.svg
http://cdn.pulselive.com/test/client/pl/test/i/elements/premier-league-logo-header-full.png
https://premierleague-static-files.s3.amazonaws.com/premierleague/photo/2017/12/09/9d0b3666-74cd-4a9e-97bd-6c15265fd780/2017-12-09T124256Z_1890414813_RC1D514AAB10_RTRMADP_3_SOCCER-ENGLAND-WHU-CHE.JPG
https://premierleague-static-files.s3.amazonaws.com/premierleague/photo/2017/12/12/5aab4df1-abc7-4403-bdf7-d6e5b353a435/GettyImages-185928848.jpg
https://premierleague-static-files.s3.amazonaws.com/premierleague/photo/2017/12/14/a472123b-2ba8-41a7-94b5-768dd5aeee89/775090657JK001_Mohamed_Salah.JPG
https://premierleague-static-files.s3.amazonaws.com/premierleague/photo/2017/12/02/1def6d33-5046-49a8-80f4-5e2ca9b55ae0/884455958.jpg
https://premierleague-static-files.s3.amazonaws.com/premierleague/photo/2017/12/10/b2be687c-5e6a-4abb-86b3-8287a55864f4/2017-12-10T154203Z_216374211_RC15D6F9C6B0_RTRMADP_3_SOCCER-ENGLAND-LIV-EVE.JPG
https://premierleague-static-files.s3.amazonaws.com/premierleague/photo/2016/12/04/a9b41048-c54f-458a-a36e-6bda3de5628c/627652320.jpg
https://www.premierleague.com/resources/ver/bower/pulse-js/dist/pulse.min.js
https://www.premierleague.com/resources/ver/scripts/main.min.js
https://www.premierleague.com/resources/ver/widgets/common.min.js
https://securepubads.g.doubleclick.net/gpt/pubads_impl_194.js
https://www.googletagmanager.com/gtm.js?id=GTM-MS75QT
https://www.premierleague.com/resources/ver/i/sprites/global-sprite.png
https://www.premierleague.com/resources/ver/i/sprites/badges-50-sprite.png
https://www.premierleague.com/resources/ver/i/sprites/badges-25-sprite.png
https://www.premierleague.com/resources/ver/fonts/PremierLeagueW01-Regular.woff2
https://www.premierleague.com/resources/ver/fonts/PremierLeagueW01-Bold.woff2
https://www.premierleague.com/resources/ver/fonts/PremierLeagueW01-LightIt.woff2
https://adservice.google.com/adsid/integrator.js?domain=www.premierleague.com
https://www.premierleague.com/resources/ver/i/bg-elements/footer-right.svg
https://www.premierleague.com/resources/ver/i/bg-elements/page-hero-primary.png
https://securepubads.g.doubleclick.net/gampad/ads?gdfp_req=1&correlator=1131907358132215&output=json_html&callback=googletag.impl.pubads.callbackProxy1&impl=fifs&json_a=1&eid=21061900%2C21061863%2C21061820&sc=1&sfv=1-0-23&iu_parts=131332370%2CGeneralTakeover&enc_prev_ius=%2F0%2F1&prev_iu_szs=1600x900%7C970x250%7C728x90&cookie=ID%3D1e44bc911adfe241%3AT%3D1523911278%3AS%3DALNI_MYMnyT9yHzwMqyZMVnZ42hyYvcOOA&abxe=1&lmt=1523912329&dt=1523912329829&frm=20&biw=1223&bih=1330&oid=3&adxs=0&adys=0&adks=1160857628&gut=v2&ifi=1&u_tz=-420&u_his=2&u_h=1440&u_w=2560&u_ah=1416&u_aw=2495&u_cd=24&u_nplug=4&u_nmime=5&u_sd=1&flash=0&url=https%3A%2F%2Fwww.premierleague.com%2Fvideo%2Ffixture%2F22513&dssz=16&icsg=3817468&std=0&vrg=194&vis=1&dmc=8&scr_x=0&scr_y=0&ga_vid=1206838674.1523911279&ga_sid=1523912330&ga_hid=440694276
https://securepubads.g.doubleclick.net/gpt/pubads_impl_rendering_194.js
https://tpc.googlesyndication.com/safeframe/1-0-23/html/container.html
https://track.adform.net/serving/scripts/trackpoint/
https://www.google-analytics.com/analytics.js
https://www.google-analytics.com/collect?v=1&_v=j66&a=440694276&t=pageview&_s=1&dl=https%3A%2F%2Fwww.premierleague.com%2Fvideo%2Ffixture%2F22513&ul=en-us&de=UTF-8&dt=AFC%20Bournemouth%20v%20Liverpool%20Videos%202017%2F18%20%7C%20Premier%20League&sd=24-bit&sr=2560x1440&vp=1223x1330&je=0&_u=QCCAgAAB~&jid=1682136170&gjid=1766676683&cid=1206838674.1523911279&tid=UA-33785302-1&_gid=1442048216.1523911279&gtm=G46MS75QT&z=62838834
https://stats.g.doubleclick.net/r/collect?t=dc&aip=1&_r=3&v=1&_v=j66&tid=UA-33785302-1&cid=1206838674.1523911279&jid=1682136170&gjid=1766676683&_gid=1442048216.1523911279&_u=QCCAgAAB~&z=2028883283
https://www.google.com/ads/ga-audiences?v=1&aip=1&t=sr&_r=4&tid=UA-33785302-1&cid=1206838674.1523911279&jid=1682136170&_v=j66&z=2028883283
https://track.adform.net/Serving/TrackPoint/?pm=998269&ADFPageName=Master%20Tag&ADFdivider=%7C&ord=98499403579&Set1=en-US%7Cen-US%7C2560x1440%7C24&ADFtpmode=3&loc=https%3A%2F%2Fwww.premierleague.com%2Fvideo%2Ffixture%2F22513
https://track.adform.net/Serving/TrackPoint/?pm=998269&ADFPageName=testpl.pulselive.com&ADFdivider=%7C&ord=993369318410&Set1=en-US%7Cen-US%7C2560x1440%7C24&ADFtpmode=2&itm=eyJ2YXIxIjoicHJlbWllcmxlYWd1ZS5jb20vdmlkZW8vZml4dHVyZS8yMjUxMyJ9&loc=https%3A%2F%2Fwww.premierleague.com%2Fvideo%2Ffixture%2F22513
https://www.premierleague.com/resources/ver/widgets/pl_global-header.min.js
https://www.premierleague.com/resources/ver/widgets/pl_social-share.min.js
https://www.premierleague.com/resources/ver/widgets/pl_editorial-lists.min.js
https://www.premierleague.com/resources/ver/widgets/pl_video-player.min.js
https://www.premierleague.com/resources/ver/widgets/pl_footer.min.js
https://players.brightcove.net/2508689025001/41lxByjWql_default/index.min.js?plVideoModal
https://vjs.zencdn.net/vttjs/0.12.5/vtt.global.min.js
https://metrics.brightcove.com/v2/tracker?domain=videocloud&platform=video-js&session=959b666aed00eaa23c6c2cf&account=2508689025001&destination=https%3A%2F%2Fwww.premierleague.com%2Fvideo%2Ffixture%2F22513&platform_version=5.28.1&player=players.brightcove.com%2F2508689025001%2F41lxByjWql_default&player_name=Premier%20League%20Player&source=&event=player_init&time=1523912331063
https://metrics.brightcove.com/v2/tracker?domain=videocloud&platform=video-js&session=959b666aed00eaa23c6c2cf&account=2508689025001&destination=https%3A%2F%2Fwww.premierleague.com%2Fvideo%2Ffixture%2F22513&platform_version=5.28.1&player=players.brightcove.com%2F2508689025001%2F41lxByjWql_default&player_name=Premier%20League%20Player&source=&usage=inpage-embed&event=player_load&time=1523912331123&qos.performance.memory.jsHeapSizeLimit=2190000000&qos.performance.memory.usedJSHeapSize=10000000&qos.performance.memory.totalJSHeapSize=10000000&qos.performance.navigation.redirectCount=0&qos.performance.navigation.type=0&qos.performance.navigation.directedMigration=false&qos.performance.timing.loadEventEnd=1523912330668&qos.performance.timing.loadEventStart=1523912330646&qos.performance.timing.domComplete=1523912330645&qos.performance.timing.domContentLoadedEventEnd=1523912329942&qos.performance.timing.domContentLoadedEventStart=1523912329936&qos.performance.timing.domInteractive=1523912329935&qos.performance.timing.domLoading=1523912329161&qos.performance.timing.responseEnd=1523912329160&qos.performance.timing.responseStart=1523912329156&qos.performance.timing.requestStart=1523912328719&qos.performance.timing.secureConnectionStart=0&qos.performance.timing.connectEnd=1523912328708&qos.performance.timing.connectStart=1523912328708&qos.performance.timing.domainLookupEnd=1523912328708&qos.performance.timing.domainLookupStart=1523912328708&qos.performance.timing.fetchStart=1523912328708&qos.performance.timing.redirectEnd=0&qos.performance.timing.redirectStart=0&qos.performance.timing.unloadEventEnd=0&qos.performance.timing.unloadEventStart=0&qos.performance.timing.navigationStart=1523912328706&qos.performance.bcInit=156.79999999701977&qos.player.dimensions=%5B%5B1523912331122%2C%220x0%22%2C%22100x0%22%5D%5D&qos.player.pixelratio=%5B%5B1523912331122%2C1%5D%5D&qos.player.screendimensions=%5B%5B1523912331122%2C%222560x1440%22%5D%5D
